\BOOKMARK [1][]{section.1}{\376\377\0001\000\040\000I\000n\000t\000r\000o\000d\000u\000c\000t\000i\000o\000n}{}% 1
\BOOKMARK [2][]{subsection.1.1}{\376\377\0001\000.\0001\000\040\000M\000o\000d\000e\000l\000s\000\040\000f\000o\000r\000\040\000s\000t\000a\000t\000i\000o\000n\000a\000r\000y\000\040\000t\000i\000m\000e\000\040\000s\000e\000r\000i\000e\000s}{section.1}% 2
\BOOKMARK [2][]{subsection.1.2}{\376\377\0001\000.\0002\000\040\000M\000o\000d\000e\000l\000s\000\040\000f\000o\000r\000\040\000n\000o\000n\000s\000t\000a\000t\000i\000o\000n\000a\000r\000y\000\040\000t\000i\000m\000e\000\040\000s\000e\000r\000i\000e\000s}{section.1}% 3
\BOOKMARK [1][]{section.2}{\376\377\0002\000\040\000A\000u\000t\000o\000r\000e\000g\000r\000e\000s\000s\000i\000v\000e\000\040\000p\000r\000o\000c\000e\000s\000s}{}% 4
\BOOKMARK [2][]{subsection.2.1}{\376\377\0002\000.\0001\000\040\000P\000r\000o\000p\000e\000r\000t\000i\000e\000s\000\040\000o\000f\000\040\000A\000R\000\050\0001\000\051\000\040\000m\000o\000d\000e\000l}{section.2}% 5
\BOOKMARK [2][]{subsection.2.2}{\376\377\0002\000.\0002\000\040\000P\000r\000o\000p\000e\000r\000t\000i\000e\000s\000\040\000o\000f\000\040\000A\000R\000\050\0002\000\051\000\040\000m\000o\000d\000e\000l}{section.2}% 6
\BOOKMARK [2][]{subsection.2.3}{\376\377\0002\000.\0003\000\040\000P\000r\000o\000p\000e\000r\000t\000i\000e\000s\000\040\000o\000f\000\040\000A\000R\000\050\000p\000\051\000\040\000m\000o\000d\000e\000l}{section.2}% 7
\BOOKMARK [2][]{subsection.2.4}{\376\377\0002\000.\0004\000\040\000T\000h\000e\000\040\000p\000a\000r\000t\000i\000a\000l\000\040\000a\000u\000t\000o\000c\000o\000r\000r\000e\000l\000a\000t\000i\000o\000n\000\040\000f\000u\000n\000c\000t\000i\000o\000n\000\040\000\050\000P\000A\000C\000F\000\051}{section.2}% 8
\BOOKMARK [1][]{section.3}{\376\377\0003\000\040\000M\000o\000v\000i\000n\000g\000\040\000a\000v\000e\000r\000a\000g\000e\000\040\000\050\000M\000A\000\051\000\040\000m\000o\000d\000e\000l\000s}{}% 9
\BOOKMARK [2][]{subsection.3.1}{\376\377\0003\000.\0001\000\040\000P\000r\000o\000p\000e\000r\000t\000i\000e\000s\000\040\000o\000f\000\040\000M\000A\000\050\0001\000\051\000\040\000m\000o\000d\000e\000l}{section.3}% 10
\BOOKMARK [2][]{subsection.3.2}{\376\377\0003\000.\0002\000\040\000P\000r\000o\000p\000e\000r\000t\000i\000e\000s\000\040\000o\000f\000\040\000M\000A\000\050\0002\000\051\000\040\000m\000o\000d\000e\000l}{section.3}% 11
\BOOKMARK [2][]{subsection.3.3}{\376\377\0003\000.\0003\000\040\000P\000r\000o\000p\000e\000r\000t\000i\000e\000s\000\040\000o\000f\000\040\000M\000A\000\050\000q\000\051\000\040\000m\000o\000d\000e\000l}{section.3}% 12
\BOOKMARK [2][]{subsection.3.4}{\376\377\0003\000.\0004\000\040\000P\000a\000r\000t\000i\000a\000l\000\040\000a\000u\000t\000o\000c\000o\000r\000r\000e\000l\000a\000t\000i\000o\000n\000\040\000f\000u\000n\000c\000t\000i\000o\000n\000\040\000o\000f\000\040\000a\000n\000\040\000M\000A\000\050\000q\000\051\000\040\000p\000r\000o\000c\000e\000s\000s}{section.3}% 13
\BOOKMARK [1][]{section.4}{\376\377\0004\000\040\000D\000u\000a\000l\000\040\000r\000e\000l\000a\000t\000i\000o\000n\000\040\000b\000e\000t\000w\000e\000e\000n\000\040\000A\000R\000\040\000a\000n\000d\000\040\000M\000A\000\040\000p\000r\000o\000c\000e\000s\000s}{}% 14
\BOOKMARK [1][]{section.5}{\376\377\0005\000\040\000A\000u\000t\000o\000r\000e\000g\000r\000e\000s\000s\000i\000v\000e\000\040\000a\000n\000d\000\040\000M\000o\000v\000i\000n\000g\000-\000a\000v\000e\000r\000a\000g\000e\000\040\000\050\000A\000R\000M\000A\000\051\000\040\000m\000o\000d\000e\000l\000s}{}% 15
\BOOKMARK [2][]{subsection.5.1}{\376\377\0005\000.\0001\000\040\000S\000t\000a\000t\000i\000o\000n\000a\000r\000y\000\040\000c\000o\000n\000d\000i\000t\000i\000o\000n}{section.5}% 16
\BOOKMARK [2][]{subsection.5.2}{\376\377\0005\000.\0002\000\040\000I\000n\000v\000e\000r\000t\000i\000b\000l\000e\000\040\000c\000o\000n\000d\000i\000t\000i\000o\000n}{section.5}% 17
\BOOKMARK [2][]{subsection.5.3}{\376\377\0005\000.\0003\000\040\000A\000u\000t\000o\000c\000o\000r\000r\000e\000l\000a\000t\000i\000o\000n\000\040\000f\000u\000n\000c\000t\000i\000o\000n\000\040\000a\000n\000d\000\040\000P\000a\000r\000t\000i\000a\000l\000\040\000a\000u\000t\000o\000c\000o\000r\000r\000e\000l\000a\000t\000i\000o\000n\000\040\000f\000u\000n\000c\000t\000i\000o\000n}{section.5}% 18
\BOOKMARK [1][]{section.6}{\376\377\0006\000\040\000T\000h\000e\000o\000r\000e\000t\000i\000c\000a\000l\000\040\000A\000C\000F\000\040\000a\000n\000d\000\040\000P\000A\000C\000F\000\040\000f\000o\000r\000\040\000A\000R\000,\000\040\000M\000A\000\040\000a\000n\000d\000\040\000A\000R\000M\000A\000\040\000m\000o\000d\000e\000l\000s}{}% 19
\BOOKMARK [2][]{subsection.6.1}{\376\377\0006\000.\0001\000\040\000A\000R\000\040\000m\000o\000d\000e\000l\000s}{section.6}% 20
\BOOKMARK [2][]{subsection.6.2}{\376\377\0006\000.\0002\000\040\000M\000A\000\040\000m\000o\000d\000e\000l\000s}{section.6}% 21
\BOOKMARK [2][]{subsection.6.3}{\376\377\0006\000.\0003\000\040\000A\000R\000M\000A\000\040\000m\000o\000d\000e\000l\000s}{section.6}% 22
